Using pre-set license
Built from '2021.3/staging' branch; Version is '2021.3.9f1 (ad3870b89536) revision 11352176'; Using compiler version '192829333'; Build Type 'Release'
OS: 'Windows 10  (10.0.19044) 64bit CoreSingleLanguage' Language: 'en' Physical Memory: 16193 MB
BatchMode: 1, IsHumanControllingUs: 0, StartBugReporterOnCrash: 0, Is64bit: 1, IsPro: 1

COMMAND LINE ARGUMENTS:
C:\Program Files\Unity\Hub\Editor\2021.3.9f1\Editor\Unity.exe
-adb2
-batchMode
-noUpm
-name
AssetImportWorker0
-projectPath
D:/techXR/septemberProjects/BE_Assets
-logFile
Logs/AssetImportWorker0.log
-srvPort
54210
Successfully changed project path to: D:/techXR/septemberProjects/BE_Assets
D:/techXR/septemberProjects/BE_Assets
[UnityMemory] Configuration Parameters - Can be set up in boot.config
    "memorysetup-bucket-allocator-granularity=16"
    "memorysetup-bucket-allocator-bucket-count=8"
    "memorysetup-bucket-allocator-block-size=33554432"
    "memorysetup-bucket-allocator-block-count=8"
    "memorysetup-main-allocator-block-size=16777216"
    "memorysetup-thread-allocator-block-size=16777216"
    "memorysetup-gfx-main-allocator-block-size=16777216"
    "memorysetup-gfx-thread-allocator-block-size=16777216"
    "memorysetup-cache-allocator-block-size=4194304"
    "memorysetup-typetree-allocator-block-size=2097152"
    "memorysetup-profiler-bucket-allocator-granularity=16"
    "memorysetup-profiler-bucket-allocator-bucket-count=8"
    "memorysetup-profiler-bucket-allocator-block-size=33554432"
    "memorysetup-profiler-bucket-allocator-block-count=8"
    "memorysetup-profiler-allocator-block-size=16777216"
    "memorysetup-profiler-editor-allocator-block-size=1048576"
    "memorysetup-temp-allocator-size-main=16777216"
    "memorysetup-job-temp-allocator-block-size=2097152"
    "memorysetup-job-temp-allocator-block-size-background=1048576"
    "memorysetup-job-temp-allocator-reduction-small-platforms=262144"
    "memorysetup-temp-allocator-size-background-worker=32768"
    "memorysetup-temp-allocator-size-job-worker=262144"
    "memorysetup-temp-allocator-size-preload-manager=33554432"
    "memorysetup-temp-allocator-size-nav-mesh-worker=65536"
    "memorysetup-temp-allocator-size-audio-worker=65536"
    "memorysetup-temp-allocator-size-cloud-worker=32768"
    "memorysetup-temp-allocator-size-gi-baking-worker=262144"
    "memorysetup-temp-allocator-size-gfx=262144"
Refreshing native plugins compatible for Editor in 119.54 ms, found 4 plugins.
Preloading 0 native plugins for Editor in 0.00 ms.
Initialize engine version: 2021.3.9f1 (ad3870b89536)
[Subsystems] Discovering subsystems at path C:/Program Files/Unity/Hub/Editor/2021.3.9f1/Editor/Data/Resources/UnitySubsystems
[Subsystems] Discovering subsystems at path D:/techXR/septemberProjects/BE_Assets/Assets
GfxDevice: creating device client; threaded=0; jobified=0
Direct3D:
    Version:  Direct3D 11.0 [level 11.1]
    Renderer: NVIDIA GeForce GTX 1650 (ID=0x1f91)
    Vendor:   NVIDIA
    VRAM:     3962 MB
    Driver:   30.0.15.1278
Initialize mono
Mono path[0] = 'C:/Program Files/Unity/Hub/Editor/2021.3.9f1/Editor/Data/Managed'
Mono path[1] = 'C:/Program Files/Unity/Hub/Editor/2021.3.9f1/Editor/Data/MonoBleedingEdge/lib/mono/unityjit-win32'
Mono config path = 'C:/Program Files/Unity/Hub/Editor/2021.3.9f1/Editor/Data/MonoBleedingEdge/etc'
Using monoOptions --debugger-agent=transport=dt_socket,embedding=1,server=y,suspend=n,address=127.0.0.1:56068
Begin MonoManager ReloadAssembly
Registering precompiled unity dll's ...
Register platform support module: C:/Program Files/Unity/Hub/Editor/2021.3.9f1/Editor/Data/PlaybackEngines/WebGLSupport/UnityEditor.WebGL.Extensions.dll
Register platform support module: C:/Program Files/Unity/Hub/Editor/2021.3.9f1/Editor/Data/PlaybackEngines/AndroidPlayer/UnityEditor.Android.Extensions.dll
Register platform support module: C:/Program Files/Unity/Hub/Editor/2021.3.9f1/Editor/Data/PlaybackEngines/iOSSupport/UnityEditor.iOS.Extensions.dll
Register platform support module: C:/Program Files/Unity/Hub/Editor/2021.3.9f1/Editor/Data/PlaybackEngines/WindowsStandaloneSupport/UnityEditor.WindowsStandalone.Extensions.dll
Registered in 0.014948 seconds.
Native extension for WindowsStandalone target not found
[usbmuxd] Start listen thread
[usbmuxd] Listen thread started
Native extension for iOS target not found
Native extension for Android target not found
Native extension for WebGL target not found
Refreshing native plugins compatible for Editor in 132.33 ms, found 4 plugins.
Preloading 0 native plugins for Editor in 0.00 ms.
Mono: successfully reloaded assembly
- Completed reload, in  0.984 seconds
Domain Reload Profiling:
	ReloadAssembly (985ms)
		BeginReloadAssembly (108ms)
			ExecutionOrderSort (0ms)
			DisableScriptedObjects (0ms)
			BackupInstance (0ms)
			ReleaseScriptingObjects (0ms)
			CreateAndSetChildDomain (1ms)
		EndReloadAssembly (709ms)
			LoadAssemblies (103ms)
			RebuildTransferFunctionScriptingTraits (0ms)
			SetupTypeCache (163ms)
			ReleaseScriptCaches (0ms)
			RebuildScriptCaches (41ms)
			SetupLoadedEditorAssemblies (426ms)
				LogAssemblyErrors (0ms)
				InitializePlatformSupportModulesInManaged (92ms)
				SetLoadedEditorAssemblies (0ms)
				RefreshPlugins (132ms)
				BeforeProcessingInitializeOnLoad (2ms)
				ProcessInitializeOnLoadAttributes (138ms)
				ProcessInitializeOnLoadMethodAttributes (61ms)
				AfterProcessingInitializeOnLoad (0ms)
				EditorAssembliesLoaded (0ms)
			ExecutionOrderSort2 (0ms)
			AwakeInstancesAfterBackupRestoration (0ms)
Platform modules already initialized, skipping
Registering precompiled user dll's ...
Registered in 0.005602 seconds.
Begin MonoManager ReloadAssembly
Symbol file LoadedFromMemory doesn't match image D:\techXR\septemberProjects\BE_Assets\Library\PackageCache\com.unity.visualscripting@1.7.8\Editor\VisualScripting.Core\Dependencies\YamlDotNet\Unity.VisualScripting.YamlDotNet.dll
Symbol file LoadedFromMemory doesn't match image D:\techXR\septemberProjects\BE_Assets\Library\PackageCache\com.unity.visualscripting@1.7.8\Editor\VisualScripting.Core\Dependencies\DotNetZip\Unity.VisualScripting.IonicZip.dll
Native extension for WindowsStandalone target not found
Native extension for iOS target not found
Native extension for Android target not found
Native extension for WebGL target not found
Refreshing native plugins compatible for Editor in 1.19 ms, found 4 plugins.
Preloading 0 native plugins for Editor in 0.00 ms.
Mono: successfully reloaded assembly
- Completed reload, in  1.667 seconds
Domain Reload Profiling:
	ReloadAssembly (1668ms)
		BeginReloadAssembly (255ms)
			ExecutionOrderSort (0ms)
			DisableScriptedObjects (10ms)
			BackupInstance (0ms)
			ReleaseScriptingObjects (0ms)
			CreateAndSetChildDomain (132ms)
		EndReloadAssembly (1251ms)
			LoadAssemblies (107ms)
			RebuildTransferFunctionScriptingTraits (0ms)
			SetupTypeCache (365ms)
			ReleaseScriptCaches (1ms)
			RebuildScriptCaches (80ms)
			SetupLoadedEditorAssemblies (627ms)
				LogAssemblyErrors (0ms)
				InitializePlatformSupportModulesInManaged (36ms)
				SetLoadedEditorAssemblies (1ms)
				RefreshPlugins (1ms)
				BeforeProcessingInitializeOnLoad (148ms)
				ProcessInitializeOnLoadAttributes (386ms)
				ProcessInitializeOnLoadMethodAttributes (42ms)
				AfterProcessingInitializeOnLoad (12ms)
				EditorAssembliesLoaded (0ms)
			ExecutionOrderSort2 (0ms)
			AwakeInstancesAfterBackupRestoration (8ms)
Platform modules already initialized, skipping
========================================================================
Worker process is ready to serve import requests
Launched and connected shader compiler UnityShaderCompiler.exe after 0.06 seconds
Refreshing native plugins compatible for Editor in 1.60 ms, found 4 plugins.
Preloading 0 native plugins for Editor in 0.00 ms.
Unloading 3648 Unused Serialized files (Serialized files now loaded: 0)
Unloading 28 unused Assets / (55.5 KB). Loaded Objects now: 4111.
Memory consumption went from 132.0 MB to 131.9 MB.
Total: 4.332000 ms (FindLiveObjects: 0.418300 ms CreateObjectMapping: 0.154600 ms MarkObjects: 3.631500 ms  DeleteObjects: 0.126100 ms)

AssetImportParameters requested are different than current active one (requested -> active):
  custom:video-decoder-ogg-theora: a1e56fd34408186e4bbccfd4996cb3dc -> 
  custom:container-muxer-webm: aa71ff27fc2769a1b78a27578f13a17b -> 
  custom:container-demuxer-webm: 4f35f7cbe854078d1ac9338744f61a02 -> 
  custom:video-encoder-webm-vp8: eb34c28f22e8b96e1ab97ce403110664 -> 
  custom:audio-encoder-webm-vorbis: bf7c407c2cedff20999df2af8eb42d56 -> 
  custom:framework-win-MediaFoundation: 216162199b28c13a410421893ffa2e32 -> 
  custom:container-demuxer-ogg: 62fdf1f143b41e24485cea50d1cbac27 -> 
  custom:video-decoder-webm-vp8: 9c59270c3fd7afecdb556c50c9e8de78 -> 
  custom:audio-decoder-ogg-vorbis: bf7c407c2cedff20999df2af8eb42d56 -> 
========================================================================
Received Import Request.
  Time since last request: 200732.993020 seconds.
  path: Assets/Kassets/Entrance.prefab
  artifactKey: Guid(0d3009f84c4b4054d94af96ec9661da0) Importer(815301076,1909f56bfc062723c751e8b465ee728b)
Start importing Assets/Kassets/Entrance.prefab using Guid(0d3009f84c4b4054d94af96ec9661da0) Importer(815301076,1909f56bfc062723c751e8b465ee728b)  -> (artifact id: 'c32b3fb199443639ca9df15722899f73') in 0.548301 seconds 
========================================================================
Received Import Request.
  Time since last request: 76.391431 seconds.
  path: Assets/Kassets/Gun1.prefab
  artifactKey: Guid(aec28471f78b7e940979515c958dc7fb) Importer(815301076,1909f56bfc062723c751e8b465ee728b)
Start importing Assets/Kassets/Gun1.prefab using Guid(aec28471f78b7e940979515c958dc7fb) Importer(815301076,1909f56bfc062723c751e8b465ee728b)  -> (artifact id: '93f95c71888334229d9d9113633c18aa') in 0.701283 seconds 
========================================================================
Received Import Request.
  Time since last request: 45.955525 seconds.
  path: Assets/Kassets/PISTOL.prefab
  artifactKey: Guid(7b3b18c31b7ade94eb1845b154b03dbd) Importer(815301076,1909f56bfc062723c751e8b465ee728b)
Start importing Assets/Kassets/PISTOL.prefab using Guid(7b3b18c31b7ade94eb1845b154b03dbd) Importer(815301076,1909f56bfc062723c751e8b465ee728b)  -> (artifact id: 'fcbfe9f28836a1d1a7b2ec3390e41541') in 0.522841 seconds 
========================================================================
Received Import Request.
  Time since last request: 58.483481 seconds.
  path: Assets/Kassets/Tower.prefab
  artifactKey: Guid(5be27e0c4ccae0448ba7bf14e73870bf) Importer(815301076,1909f56bfc062723c751e8b465ee728b)
Start importing Assets/Kassets/Tower.prefab using Guid(5be27e0c4ccae0448ba7bf14e73870bf) Importer(815301076,1909f56bfc062723c751e8b465ee728b)  -> (artifact id: '639a74854ab0c1fa74452a2565325f44') in 0.183393 seconds 
========================================================================
Received Import Request.
  Time since last request: 82.692100 seconds.
  path: Assets/Kassets/troopWall.prefab
  artifactKey: Guid(9c4e993bc9eb0034393fa25aa5d62925) Importer(815301076,1909f56bfc062723c751e8b465ee728b)
Start importing Assets/Kassets/troopWall.prefab using Guid(9c4e993bc9eb0034393fa25aa5d62925) Importer(815301076,1909f56bfc062723c751e8b465ee728b)  -> (artifact id: 'c54e21a4793c11da0233c589156f4e7d') in 0.153763 seconds 
========================================================================
Received Import Request.
  Time since last request: 55.548389 seconds.
  path: Assets/Kassets/Wall long.prefab
  artifactKey: Guid(14c60c5df5403484d9da5726878f402c) Importer(815301076,1909f56bfc062723c751e8b465ee728b)
Start importing Assets/Kassets/Wall long.prefab using Guid(14c60c5df5403484d9da5726878f402c) Importer(815301076,1909f56bfc062723c751e8b465ee728b)  -> (artifact id: 'e3a6670911fb642c22e4149276d1ccf3') in 0.086833 seconds 
========================================================================
Received Import Request.
  Time since last request: 69.422604 seconds.
  path: Assets/Kassets/Wall1.prefab
  artifactKey: Guid(29df55ecb10beb648869b47288b24cc9) Importer(815301076,1909f56bfc062723c751e8b465ee728b)
Start importing Assets/Kassets/Wall1.prefab using Guid(29df55ecb10beb648869b47288b24cc9) Importer(815301076,1909f56bfc062723c751e8b465ee728b)  -> (artifact id: '2e92b71aa869347c00498813a0983648') in 0.036929 seconds 
========================================================================
Received Import Request.
  Time since last request: 40.308864 seconds.
  path: Assets/Kassets/wall3D.prefab
  artifactKey: Guid(186beef0b570c624d8c16c86b9e52ca8) Importer(815301076,1909f56bfc062723c751e8b465ee728b)
Start importing Assets/Kassets/wall3D.prefab using Guid(186beef0b570c624d8c16c86b9e52ca8) Importer(815301076,1909f56bfc062723c751e8b465ee728b)  -> (artifact id: '6313e9a450b3b2c88274c79f0d0827be') in 0.312018 seconds 
========================================================================
Received Import Request.
  Time since last request: 115.240790 seconds.
  path: Assets/Kassets/wall_corner.prefab
  artifactKey: Guid(c211e7309bcc4fd44bfa78543a8c459b) Importer(815301076,1909f56bfc062723c751e8b465ee728b)
Start importing Assets/Kassets/wall_corner.prefab using Guid(c211e7309bcc4fd44bfa78543a8c459b) Importer(815301076,1909f56bfc062723c751e8b465ee728b)  -> (artifact id: '6796814a6eead3d90ba8fe7736b77a9b') in 0.270727 seconds 
========================================================================
Received Import Request.
  Time since last request: 50.443637 seconds.
  path: Assets/Kassets/wall_pier.prefab
  artifactKey: Guid(509cef0bef45974418c3ef80e71f6978) Importer(815301076,1909f56bfc062723c751e8b465ee728b)
Start importing Assets/Kassets/wall_pier.prefab using Guid(509cef0bef45974418c3ef80e71f6978) Importer(815301076,1909f56bfc062723c751e8b465ee728b)  -> (artifact id: '17f6dec0b24607508167a56645fb9c10') in 0.261456 seconds 
========================================================================
Received Import Request.
  Time since last request: 37.067210 seconds.
  path: Assets/Kassets/wall_straight.prefab
  artifactKey: Guid(c1dd4214592261344a0ab670d0e56974) Importer(815301076,1909f56bfc062723c751e8b465ee728b)
Start importing Assets/Kassets/wall_straight.prefab using Guid(c1dd4214592261344a0ab670d0e56974) Importer(815301076,1909f56bfc062723c751e8b465ee728b)  -> (artifact id: 'bd4dd71dfcad3f5a604f1cc867f20e52') in 0.267286 seconds 
========================================================================
Received Import Request.
  Time since last request: 60.456300 seconds.
  path: Assets/Kassets/wall_straight_small.prefab
  artifactKey: Guid(396fe0816b6750c46a06e95a568e26b4) Importer(815301076,1909f56bfc062723c751e8b465ee728b)
Start importing Assets/Kassets/wall_straight_small.prefab using Guid(396fe0816b6750c46a06e95a568e26b4) Importer(815301076,1909f56bfc062723c751e8b465ee728b)  -> (artifact id: 'ffbf1a13cd8e86aec291ade38287c2e7') in 0.277922 seconds 
========================================================================
Received Import Request.
  Time since last request: 103.893786 seconds.
  path: Assets/Kassets/wall_VR.prefab
  artifactKey: Guid(b2eba1aabea41594c99f70f4c40ca31a) Importer(815301076,1909f56bfc062723c751e8b465ee728b)
Start importing Assets/Kassets/wall_VR.prefab using Guid(b2eba1aabea41594c99f70f4c40ca31a) Importer(815301076,1909f56bfc062723c751e8b465ee728b)  -> (artifact id: '70d9d5c8cacb44f5900453ff4f2c7f0c') in 0.256836 seconds 
