Unity Editor version:    2021.3.10f1 (1c7d0df0160b)
Branch:                  2021.3/staging
Build type:              Release
Batch mode:              YES
macOS version:           Version 12.5 (Build 21G72)
Darwin version:          21.6.0
Architecture:            x86_64
Running under Rosetta:   NO
Available memory:        8192 MB
Using pre-set license
Pro License: YES

COMMAND LINE ARGUMENTS:
/Applications/Unity/Hub/Editor/2021.3.10f1/Unity.app/Contents/MacOS/Unity
-adb2
-batchMode
-noUpm
-name
AssetImportWorker0
-projectPath
/Users/techxrinnovations/Downloads/BlockEngineXR/BE_Assets
-logFile
Logs/AssetImportWorker0.log
-srvPort
49418
Successfully changed project path to: /Users/techxrinnovations/Downloads/BlockEngineXR/BE_Assets
/Users/techxrinnovations/Downloads/BlockEngineXR/BE_Assets
[UnityMemory] Configuration Parameters - Can be set up in boot.config
    "memorysetup-bucket-allocator-granularity=16"
    "memorysetup-bucket-allocator-bucket-count=8"
    "memorysetup-bucket-allocator-block-size=33554432"
    "memorysetup-bucket-allocator-block-count=8"
    "memorysetup-main-allocator-block-size=16777216"
    "memorysetup-thread-allocator-block-size=16777216"
    "memorysetup-gfx-main-allocator-block-size=16777216"
    "memorysetup-gfx-thread-allocator-block-size=16777216"
    "memorysetup-cache-allocator-block-size=4194304"
    "memorysetup-typetree-allocator-block-size=2097152"
    "memorysetup-profiler-bucket-allocator-granularity=16"
    "memorysetup-profiler-bucket-allocator-bucket-count=8"
    "memorysetup-profiler-bucket-allocator-block-size=33554432"
    "memorysetup-profiler-bucket-allocator-block-count=8"
    "memorysetup-profiler-allocator-block-size=16777216"
    "memorysetup-profiler-editor-allocator-block-size=1048576"
    "memorysetup-temp-allocator-size-main=16777216"
    "memorysetup-job-temp-allocator-block-size=2097152"
    "memorysetup-job-temp-allocator-block-size-background=1048576"
    "memorysetup-job-temp-allocator-reduction-small-platforms=262144"
    "memorysetup-temp-allocator-size-background-worker=32768"
    "memorysetup-temp-allocator-size-job-worker=262144"
    "memorysetup-temp-allocator-size-preload-manager=33554432"
    "memorysetup-temp-allocator-size-nav-mesh-worker=65536"
    "memorysetup-temp-allocator-size-audio-worker=65536"
    "memorysetup-temp-allocator-size-cloud-worker=32768"
    "memorysetup-temp-allocator-size-gi-baking-worker=262144"
    "memorysetup-temp-allocator-size-gfx=262144"
Refreshing native plugins compatible for Editor in 166.35 ms, found 3 plugins.
Preloading 0 native plugins for Editor in 0.00 ms.
Initialize engine version: 2021.3.10f1 (1c7d0df0160b)
[Subsystems] Discovering subsystems at path /Applications/Unity/Hub/Editor/2021.3.10f1/Unity.app/Contents/Resources/UnitySubsystems
[Subsystems] Discovering subsystems at path /Users/techxrinnovations/Downloads/BlockEngineXR/BE_Assets/Assets
GfxDevice: creating device client; threaded=0; jobified=0
Color LCD preferred device: Intel(R) Iris(TM) Graphics 6100 (low power)
Metal devices available: 1
0: Intel(R) Iris(TM) Graphics 6100 (low power)
Using device Intel(R) Iris(TM) Graphics 6100 (low power)
Initializing Metal device caps: Intel(R) Iris(TM) Graphics 6100
Initialize mono
Mono path[0] = '/Applications/Unity/Hub/Editor/2021.3.10f1/Unity.app/Contents/Managed'
Mono path[1] = '/Applications/Unity/Hub/Editor/2021.3.10f1/Unity.app/Contents/MonoBleedingEdge/lib/mono/unityjit-macos'
Mono config path = '/Applications/Unity/Hub/Editor/2021.3.10f1/Unity.app/Contents/MonoBleedingEdge/etc'
Using monoOptions --debugger-agent=transport=dt_socket,embedding=1,server=y,suspend=n,address=127.0.0.1:56744
Begin MonoManager ReloadAssembly
Registering precompiled unity dll's ...
Register platform support module: /Applications/Unity/Hub/Editor/2021.3.10f1/PlaybackEngines/WebGLSupport/UnityEditor.WebGL.Extensions.dll
Register platform support module: /Applications/Unity/Hub/Editor/2021.3.10f1/Unity.app/Contents/PlaybackEngines/MacStandaloneSupport/UnityEditor.OSXStandalone.Extensions.dll
Registered in 0.001780 seconds.
Native extension for OSXStandalone target not found
Native extension for WebGL target not found
Refreshing native plugins compatible for Editor in 163.22 ms, found 3 plugins.
Preloading 0 native plugins for Editor in 0.00 ms.
Mono: successfully reloaded assembly
- Completed reload, in  1.299 seconds
Domain Reload Profiling:
	ReloadAssembly (1300ms)
		BeginReloadAssembly (147ms)
			ExecutionOrderSort (0ms)
			DisableScriptedObjects (0ms)
			BackupInstance (0ms)
			ReleaseScriptingObjects (0ms)
			CreateAndSetChildDomain (1ms)
		EndReloadAssembly (945ms)
			LoadAssemblies (148ms)
			RebuildTransferFunctionScriptingTraits (0ms)
			SetupTypeCache (210ms)
			ReleaseScriptCaches (0ms)
			RebuildScriptCaches (71ms)
			SetupLoadedEditorAssemblies (550ms)
				LogAssemblyErrors (0ms)
				InitializePlatformSupportModulesInManaged (11ms)
				SetLoadedEditorAssemblies (0ms)
				RefreshPlugins (163ms)
				BeforeProcessingInitializeOnLoad (2ms)
				ProcessInitializeOnLoadAttributes (293ms)
				ProcessInitializeOnLoadMethodAttributes (79ms)
				AfterProcessingInitializeOnLoad (0ms)
				EditorAssembliesLoaded (0ms)
			ExecutionOrderSort2 (0ms)
			AwakeInstancesAfterBackupRestoration (0ms)
Platform modules already initialized, skipping
Registering precompiled user dll's ...
Registered in 0.009028 seconds.
Begin MonoManager ReloadAssembly
Symbol file LoadedFromMemory doesn't match image /Users/techxrinnovations/Downloads/BlockEngineXR/BE_Assets/Library/PackageCache/com.unity.visualscripting@1.7.8/Editor/VisualScripting.Core/Dependencies/YamlDotNet/Unity.VisualScripting.YamlDotNet.dll
Symbol file LoadedFromMemory doesn't match image /Users/techxrinnovations/Downloads/BlockEngineXR/BE_Assets/Library/PackageCache/com.unity.visualscripting@1.7.8/Editor/VisualScripting.Core/Dependencies/DotNetZip/Unity.VisualScripting.IonicZip.dll
Native extension for OSXStandalone target not found
Native extension for WebGL target not found
Refreshing native plugins compatible for Editor in 0.86 ms, found 3 plugins.
Preloading 0 native plugins for Editor in 0.00 ms.
Mono: successfully reloaded assembly
- Completed reload, in  2.050 seconds
Domain Reload Profiling:
	ReloadAssembly (2052ms)
		BeginReloadAssembly (182ms)
			ExecutionOrderSort (0ms)
			DisableScriptedObjects (10ms)
			BackupInstance (0ms)
			ReleaseScriptingObjects (0ms)
			CreateAndSetChildDomain (48ms)
		EndReloadAssembly (1636ms)
			LoadAssemblies (157ms)
			RebuildTransferFunctionScriptingTraits (0ms)
			SetupTypeCache (515ms)
			ReleaseScriptCaches (1ms)
			RebuildScriptCaches (96ms)
			SetupLoadedEditorAssemblies (749ms)
				LogAssemblyErrors (0ms)
				InitializePlatformSupportModulesInManaged (7ms)
				SetLoadedEditorAssemblies (1ms)
				RefreshPlugins (1ms)
				BeforeProcessingInitializeOnLoad (142ms)
				ProcessInitializeOnLoadAttributes (536ms)
				ProcessInitializeOnLoadMethodAttributes (62ms)
				AfterProcessingInitializeOnLoad (1ms)
				EditorAssembliesLoaded (0ms)
			ExecutionOrderSort2 (0ms)
			AwakeInstancesAfterBackupRestoration (7ms)
Platform modules already initialized, skipping
========================================================================
Worker process is ready to serve import requests
Launching external process: /Applications/Unity/Hub/Editor/2021.3.10f1/Unity.app/Contents/Tools/UnityShaderCompiler
Launched and connected shader compiler UnityShaderCompiler after 0.10 seconds
Refreshing native plugins compatible for Editor in 0.99 ms, found 3 plugins.
Preloading 0 native plugins for Editor in 0.00 ms.
Unloading 3643 Unused Serialized files (Serialized files now loaded: 0)
Unloading 28 unused Assets / (46.1 KB). Loaded Objects now: 4099.
Memory consumption went from 242.5 MB to 242.5 MB.
Total: 4.894140 ms (FindLiveObjects: 0.377617 ms CreateObjectMapping: 0.221039 ms MarkObjects: 4.119765 ms  DeleteObjects: 0.174477 ms)

AssetImportParameters requested are different than current active one (requested -> active):
  custom:video-decoder-ogg-theora: a1e56fd34408186e4bbccfd4996cb3dc -> 
  custom:container-muxer-webm: aa71ff27fc2769a1b78a27578f13a17b -> 
  custom:container-demuxer-webm: 4f35f7cbe854078d1ac9338744f61a02 -> 
  custom:video-encoder-webm-vp8: eb34c28f22e8b96e1ab97ce403110664 -> 
  custom:framework-osx-AVFoundation: e770b220cccbd017edd2c1fefb359320 -> 
  custom:audio-encoder-webm-vorbis: bf7c407c2cedff20999df2af8eb42d56 -> 
  custom:container-demuxer-ogg: 62fdf1f143b41e24485cea50d1cbac27 -> 
  custom:video-decoder-webm-vp8: 9c59270c3fd7afecdb556c50c9e8de78 -> 
  custom:audio-decoder-ogg-vorbis: bf7c407c2cedff20999df2af8eb42d56 -> 
========================================================================
Received Import Request.
  Time since last request: 3616.472035 seconds.
  path: Assets/AssetsForBE
  artifactKey: Guid(3a9a8eae1a7213b41a6ad6e63aa018b8) Importer(815301076,1909f56bfc062723c751e8b465ee728b)
Start importing Assets/AssetsForBE using Guid(3a9a8eae1a7213b41a6ad6e63aa018b8) Importer(815301076,1909f56bfc062723c751e8b465ee728b)  -> (artifact id: '1c0a7bfb580cfbaded7fe86eb64e2bd3') in 0.030585 seconds 
========================================================================
Received Import Request.
  Time since last request: 2.049237 seconds.
  path: Assets/AssetsForBE/final
  artifactKey: Guid(c0bd2739a5c76ea4e9be1b1b8944b43e) Importer(815301076,1909f56bfc062723c751e8b465ee728b)
Start importing Assets/AssetsForBE/final using Guid(c0bd2739a5c76ea4e9be1b1b8944b43e) Importer(815301076,1909f56bfc062723c751e8b465ee728b)  -> (artifact id: '500e11e3225e702265ed76009e17c94f') in 0.004705 seconds 
========================================================================
Received Import Request.
  Time since last request: 2.833143 seconds.
  path: Assets/AssetsForBE/AssetBundle prefabs
  artifactKey: Guid(271450eda6008ca43819f3e34c0a8e48) Importer(815301076,1909f56bfc062723c751e8b465ee728b)
Start importing Assets/AssetsForBE/AssetBundle prefabs using Guid(271450eda6008ca43819f3e34c0a8e48) Importer(815301076,1909f56bfc062723c751e8b465ee728b)  -> (artifact id: '82250f12dab8cf6c2af13d64f7fc9bec') in 0.005148 seconds 
========================================================================
Received Import Request.
  Time since last request: 5.866606 seconds.
  path: Assets/AssetsForBE/AssetBundle prefabs/Ground Prefabs
  artifactKey: Guid(d4c1e9cab974bca4295a6e474b6f24c5) Importer(815301076,1909f56bfc062723c751e8b465ee728b)
Start importing Assets/AssetsForBE/AssetBundle prefabs/Ground Prefabs using Guid(d4c1e9cab974bca4295a6e474b6f24c5) Importer(815301076,1909f56bfc062723c751e8b465ee728b)  -> (artifact id: '7052f118865bd2fb4ef9566a5c913bab') in 0.002134 seconds 
========================================================================
Received Import Request.
  Time since last request: 3.443470 seconds.
  path: Assets/AssetsForBE/AssetBundle prefabs/Ground Prefabs/Grass_Ground_01.prefab
  artifactKey: Guid(7c66e0636f3f7404a99689fcee7eeba4) Importer(815301076,1909f56bfc062723c751e8b465ee728b)
Start importing Assets/AssetsForBE/AssetBundle prefabs/Ground Prefabs/Grass_Ground_01.prefab using Guid(7c66e0636f3f7404a99689fcee7eeba4) Importer(815301076,1909f56bfc062723c751e8b465ee728b)  -> (artifact id: '7a35d0426e24c4e3c689421336a9cb65') in 1.003258 seconds 
========================================================================
Received Import Request.
  Time since last request: 18.551998 seconds.
  path: Assets/AssetsForBE/AssetBundle prefabs/Ground Prefabs/Grass_Ground_02.prefab
  artifactKey: Guid(bae1c44ad5f3cd64f99e0e97c91b3b08) Importer(815301076,1909f56bfc062723c751e8b465ee728b)
Start importing Assets/AssetsForBE/AssetBundle prefabs/Ground Prefabs/Grass_Ground_02.prefab using Guid(bae1c44ad5f3cd64f99e0e97c91b3b08) Importer(815301076,1909f56bfc062723c751e8b465ee728b)  -> (artifact id: '31b9f7530609824065aa2f6931347cb6') in 0.016147 seconds 
========================================================================
Received Import Request.
  Time since last request: 1.239396 seconds.
  path: Assets/AssetsForBE/AssetBundle prefabs/Ground Prefabs/Grass_Ground_03.prefab
  artifactKey: Guid(65badb558f0d090428b441950ec4d1bf) Importer(815301076,1909f56bfc062723c751e8b465ee728b)
Start importing Assets/AssetsForBE/AssetBundle prefabs/Ground Prefabs/Grass_Ground_03.prefab using Guid(65badb558f0d090428b441950ec4d1bf) Importer(815301076,1909f56bfc062723c751e8b465ee728b)  -> (artifact id: '920f0e72ed5db2e4a83fc9c089965903') in 0.014280 seconds 
========================================================================
Received Import Request.
  Time since last request: 1.095212 seconds.
  path: Assets/AssetsForBE/AssetBundle prefabs/Ground Prefabs/Grass_Ground_04.prefab
  artifactKey: Guid(969a00fe3b138b747881acef453161f7) Importer(815301076,1909f56bfc062723c751e8b465ee728b)
Start importing Assets/AssetsForBE/AssetBundle prefabs/Ground Prefabs/Grass_Ground_04.prefab using Guid(969a00fe3b138b747881acef453161f7) Importer(815301076,1909f56bfc062723c751e8b465ee728b)  -> (artifact id: 'b78f815a2c273d8beffc28f42fab41a3') in 0.237060 seconds 
========================================================================
Received Import Request.
  Time since last request: 60.018951 seconds.
  path: Assets/AssetsForBE/AssetBundle prefabs/Ground Prefabs/Grass_Ground_05.prefab
  artifactKey: Guid(5dc3dd8acdb105c4f955713f9fe614d3) Importer(815301076,1909f56bfc062723c751e8b465ee728b)
Start importing Assets/AssetsForBE/AssetBundle prefabs/Ground Prefabs/Grass_Ground_05.prefab using Guid(5dc3dd8acdb105c4f955713f9fe614d3) Importer(815301076,1909f56bfc062723c751e8b465ee728b)  -> (artifact id: '20e0a1891b672cacdd6ef0a5a1394919') in 0.014419 seconds 
========================================================================
Received Import Request.
  Time since last request: 12.054773 seconds.
  path: Assets/AssetsForBE/AssetBundle prefabs/Bush Prefabs
  artifactKey: Guid(0c71d087f0752c74f80ce6a37a00c337) Importer(815301076,1909f56bfc062723c751e8b465ee728b)
Start importing Assets/AssetsForBE/AssetBundle prefabs/Bush Prefabs using Guid(0c71d087f0752c74f80ce6a37a00c337) Importer(815301076,1909f56bfc062723c751e8b465ee728b)  -> (artifact id: '8af9055df59261b8881f878abab06c68') in 0.001681 seconds 
========================================================================
Received Import Request.
  Time since last request: 3.097399 seconds.
  path: Assets/AssetsForBE/AssetBundle prefabs/Path prefabs
  artifactKey: Guid(7fe0b5791bfde7f46b96ca7b550b2da8) Importer(815301076,1909f56bfc062723c751e8b465ee728b)
Start importing Assets/AssetsForBE/AssetBundle prefabs/Path prefabs using Guid(7fe0b5791bfde7f46b96ca7b550b2da8) Importer(815301076,1909f56bfc062723c751e8b465ee728b)  -> (artifact id: 'fd5cb38976b5ba27de694375a3c4f7f5') in 0.003540 seconds 
========================================================================
Received Import Request.
  Time since last request: 7.945204 seconds.
  path: Assets/blockengine
  artifactKey: Guid(6e43d464239c5ec4a95d0d3b0c193e27) Importer(815301076,1909f56bfc062723c751e8b465ee728b)
Start importing Assets/blockengine using Guid(6e43d464239c5ec4a95d0d3b0c193e27) Importer(815301076,1909f56bfc062723c751e8b465ee728b)  -> (artifact id: '26586221b66fa68d2cf55a9fc344337e') in 0.001446 seconds 
========================================================================
Received Import Request.
  Time since last request: 5.671666 seconds.
  path: Assets/prefabs
  artifactKey: Guid(d2f3fc8454947e94899158c21be0597c) Importer(815301076,1909f56bfc062723c751e8b465ee728b)
Start importing Assets/prefabs using Guid(d2f3fc8454947e94899158c21be0597c) Importer(815301076,1909f56bfc062723c751e8b465ee728b)  -> (artifact id: '685a5a7c31c3f87cc8bc43dab688cd73') in 0.002755 seconds 
========================================================================
Received Import Request.
  Time since last request: 1.618535 seconds.
  path: Assets/prefabs/Building2.prefab
  artifactKey: Guid(6eacaac410580b0469eccd415707e4d8) Importer(815301076,1909f56bfc062723c751e8b465ee728b)
Start importing Assets/prefabs/Building2.prefab using Guid(6eacaac410580b0469eccd415707e4d8) Importer(815301076,1909f56bfc062723c751e8b465ee728b)  -> (artifact id: 'bea58ec80374134293361514b5f604d4') in 1.345177 seconds 
========================================================================
Received Import Request.
  Time since last request: 0.094224 seconds.
  path: Assets/prefabs/building_1.prefab
  artifactKey: Guid(00ef3d236e3e59b429d7f2e3dafb6a60) Importer(815301076,1909f56bfc062723c751e8b465ee728b)
Start importing Assets/prefabs/building_1.prefab using Guid(00ef3d236e3e59b429d7f2e3dafb6a60) Importer(815301076,1909f56bfc062723c751e8b465ee728b)  -> (artifact id: 'e9fff97dbb04c4118820d587ea4db30e') in 0.021939 seconds 
========================================================================
Received Import Request.
  Time since last request: 9.108077 seconds.
  path: Assets/charactersGINAL
  artifactKey: Guid(827e5a75b0f941640beca6642515bead) Importer(815301076,1909f56bfc062723c751e8b465ee728b)
Start importing Assets/charactersGINAL using Guid(827e5a75b0f941640beca6642515bead) Importer(815301076,1909f56bfc062723c751e8b465ee728b)  -> (artifact id: '6e83e4833679197cdd8a92d603c8d348') in 0.001714 seconds 
========================================================================
Received Import Request.
  Time since last request: 1.511870 seconds.
  path: Assets/charactersGINAL/charac_1
  artifactKey: Guid(d2296b4fdf2a1ab4db20f90828352da8) Importer(815301076,1909f56bfc062723c751e8b465ee728b)
Start importing Assets/charactersGINAL/charac_1 using Guid(d2296b4fdf2a1ab4db20f90828352da8) Importer(815301076,1909f56bfc062723c751e8b465ee728b)  -> (artifact id: '54f0ff7ff6860cb3d68aa58768f5fa20') in 0.005767 seconds 
========================================================================
Received Import Request.
  Time since last request: 1.908728 seconds.
  path: Assets/charactersGINAL/charac_2
  artifactKey: Guid(069adb19f0d48954daf26b7a9216b83f) Importer(815301076,1909f56bfc062723c751e8b465ee728b)
Start importing Assets/charactersGINAL/charac_2 using Guid(069adb19f0d48954daf26b7a9216b83f) Importer(815301076,1909f56bfc062723c751e8b465ee728b)  -> (artifact id: '7b8f80c2c3c87ad845353ae662ed0669') in 0.003506 seconds 
========================================================================
Received Import Request.
  Time since last request: 5.041129 seconds.
  path: Assets/charactersGINAL/charac_2/character3.prefab
  artifactKey: Guid(cf562d9d4c3b41b428c69eac1f139988) Importer(815301076,1909f56bfc062723c751e8b465ee728b)
Start importing Assets/charactersGINAL/charac_2/character3.prefab using Guid(cf562d9d4c3b41b428c69eac1f139988) Importer(815301076,1909f56bfc062723c751e8b465ee728b)  -> (artifact id: '00000000000000000000000000000000') in 0.094254 seconds  code(4) message(Build asset version error: assets/charactersginal/charac_2/character3.prefab.meta in SourceAssetDB has modification time of '2022-09-24T10:01:11Z' while content on disk has modification time of '2022-09-24T10:29:48Z')
  ERROR: Build asset version error: assets/charactersginal/charac_2/character3.prefab.meta in SourceAssetDB has modification time of '2022-09-24T10:01:11Z' while content on disk has modification time of '2022-09-24T10:29:48Z'
========================================================================
Received Import Request.
  Time since last request: 44.401966 seconds.
  path: Assets/AssetsForBE/AssetBundle prefabs/Bush Prefabs/aloe.prefab
  artifactKey: Guid(e326dfd20bd648442b3a5b705a898f2b) Importer(815301076,1909f56bfc062723c751e8b465ee728b)
Start importing Assets/AssetsForBE/AssetBundle prefabs/Bush Prefabs/aloe.prefab using Guid(e326dfd20bd648442b3a5b705a898f2b) Importer(815301076,1909f56bfc062723c751e8b465ee728b)  -> (artifact id: '1edc0d184ef580e837e8a17be5653f4e') in 0.020409 seconds 
========================================================================
Received Import Request.
  Time since last request: 2.399054 seconds.
  path: Assets/AssetsForBE/AssetBundle prefabs/Bush Prefabs/Bush_03.prefab
  artifactKey: Guid(3ee9558d158f9084398d0b6a296ba699) Importer(815301076,1909f56bfc062723c751e8b465ee728b)
Start importing Assets/AssetsForBE/AssetBundle prefabs/Bush Prefabs/Bush_03.prefab using Guid(3ee9558d158f9084398d0b6a296ba699) Importer(815301076,1909f56bfc062723c751e8b465ee728b)  -> (artifact id: '5c052cc5d3624597f15aa68e931964be') in 0.015162 seconds 
========================================================================
Received Import Request.
  Time since last request: 0.543872 seconds.
  path: Assets/AssetsForBE/AssetBundle prefabs/Bush Prefabs/cactus01.prefab
  artifactKey: Guid(40040ac498b31314cb2e2a05c384d531) Importer(815301076,1909f56bfc062723c751e8b465ee728b)
Start importing Assets/AssetsForBE/AssetBundle prefabs/Bush Prefabs/cactus01.prefab using Guid(40040ac498b31314cb2e2a05c384d531) Importer(815301076,1909f56bfc062723c751e8b465ee728b)  -> (artifact id: '693837379ed5169f74f09b4ecb2a3f0a') in 0.013549 seconds 
========================================================================
Received Import Request.
  Time since last request: 0.638848 seconds.
  path: Assets/AssetsForBE/AssetBundle prefabs/Bush Prefabs/cactus02.prefab
  artifactKey: Guid(4979dc4318f15414a9d7ee977e8f2211) Importer(815301076,1909f56bfc062723c751e8b465ee728b)
Start importing Assets/AssetsForBE/AssetBundle prefabs/Bush Prefabs/cactus02.prefab using Guid(4979dc4318f15414a9d7ee977e8f2211) Importer(815301076,1909f56bfc062723c751e8b465ee728b)  -> (artifact id: '12a765effabc99830bdbc9b2132614cd') in 0.012714 seconds 
========================================================================
Received Import Request.
  Time since last request: 0.455850 seconds.
  path: Assets/AssetsForBE/AssetBundle prefabs/Bush Prefabs/Flowers_01.prefab
  artifactKey: Guid(6cf8c6170082f2845b029affad72c800) Importer(815301076,1909f56bfc062723c751e8b465ee728b)
Start importing Assets/AssetsForBE/AssetBundle prefabs/Bush Prefabs/Flowers_01.prefab using Guid(6cf8c6170082f2845b029affad72c800) Importer(815301076,1909f56bfc062723c751e8b465ee728b)  -> (artifact id: '788b4ee265b702c58ad531e26f9445f2') in 0.012833 seconds 
========================================================================
Received Import Request.
  Time since last request: 0.803041 seconds.
  path: Assets/AssetsForBE/AssetBundle prefabs/Bush Prefabs/Flowers_02.prefab
  artifactKey: Guid(d3f63ca03c1a6434d81737efee4e0e6b) Importer(815301076,1909f56bfc062723c751e8b465ee728b)
Start importing Assets/AssetsForBE/AssetBundle prefabs/Bush Prefabs/Flowers_02.prefab using Guid(d3f63ca03c1a6434d81737efee4e0e6b) Importer(815301076,1909f56bfc062723c751e8b465ee728b)  -> (artifact id: '2b5cca38165c26aecb21b9499a9d21f2') in 0.014144 seconds 
========================================================================
Received Import Request.
  Time since last request: 0.461850 seconds.
  path: Assets/AssetsForBE/AssetBundle prefabs/Bush Prefabs/Grass_01.prefab
  artifactKey: Guid(16e2c15da3c701447813f2f69fca73ef) Importer(815301076,1909f56bfc062723c751e8b465ee728b)
Start importing Assets/AssetsForBE/AssetBundle prefabs/Bush Prefabs/Grass_01.prefab using Guid(16e2c15da3c701447813f2f69fca73ef) Importer(815301076,1909f56bfc062723c751e8b465ee728b)  -> (artifact id: '62328e9b5c162e10391de84abb28264e') in 0.013145 seconds 
========================================================================
Received Import Request.
  Time since last request: 0.598576 seconds.
  path: Assets/AssetsForBE/AssetBundle prefabs/Bush Prefabs/Grass_02.prefab
  artifactKey: Guid(038fcc6139c913947a42757eec252c51) Importer(815301076,1909f56bfc062723c751e8b465ee728b)
Start importing Assets/AssetsForBE/AssetBundle prefabs/Bush Prefabs/Grass_02.prefab using Guid(038fcc6139c913947a42757eec252c51) Importer(815301076,1909f56bfc062723c751e8b465ee728b)  -> (artifact id: '5310da9ab476d5d00b5830efad585c18') in 0.013038 seconds 
========================================================================
Received Import Request.
  Time since last request: 0.648295 seconds.
  path: Assets/AssetsForBE/AssetBundle prefabs/Bush Prefabs/Mushroom_01.prefab
  artifactKey: Guid(56d8ed1cb62955c4e9ee1b7a2f49904f) Importer(815301076,1909f56bfc062723c751e8b465ee728b)
Start importing Assets/AssetsForBE/AssetBundle prefabs/Bush Prefabs/Mushroom_01.prefab using Guid(56d8ed1cb62955c4e9ee1b7a2f49904f) Importer(815301076,1909f56bfc062723c751e8b465ee728b)  -> (artifact id: '2971b37fd79b77a33d452f23491f8cc5') in 0.012917 seconds 
========================================================================
Received Import Request.
  Time since last request: 0.441174 seconds.
  path: Assets/AssetsForBE/AssetBundle prefabs/Bush Prefabs/Mushroom_02.prefab
  artifactKey: Guid(19fb1347aa97bc0449e4d0b6e81877bc) Importer(815301076,1909f56bfc062723c751e8b465ee728b)
Start importing Assets/AssetsForBE/AssetBundle prefabs/Bush Prefabs/Mushroom_02.prefab using Guid(19fb1347aa97bc0449e4d0b6e81877bc) Importer(815301076,1909f56bfc062723c751e8b465ee728b)  -> (artifact id: '1dd215b6aa77cbcba21f795898ea2868') in 0.016111 seconds 
========================================================================
Received Import Request.
  Time since last request: 12.250521 seconds.
  path: Assets/AssetsForBE/AssetBundle prefabs/Path prefabs/Grass.prefab
  artifactKey: Guid(4639b34cdf7f07b4888b531180188bdf) Importer(815301076,1909f56bfc062723c751e8b465ee728b)
Start importing Assets/AssetsForBE/AssetBundle prefabs/Path prefabs/Grass.prefab using Guid(4639b34cdf7f07b4888b531180188bdf) Importer(815301076,1909f56bfc062723c751e8b465ee728b)  -> (artifact id: 'd1942e060e5a25d56ebc6b04151a76ff') in 0.013690 seconds 
========================================================================
Received Import Request.
  Time since last request: 1.145133 seconds.
  path: Assets/AssetsForBE/AssetBundle prefabs/Path prefabs/Road 07.prefab
  artifactKey: Guid(ddc62f41ea225ee4c8bd981569485342) Importer(815301076,1909f56bfc062723c751e8b465ee728b)
Start importing Assets/AssetsForBE/AssetBundle prefabs/Path prefabs/Road 07.prefab using Guid(ddc62f41ea225ee4c8bd981569485342) Importer(815301076,1909f56bfc062723c751e8b465ee728b)  -> (artifact id: 'd5313f68b9bc1c408d9f9bf991d71f08') in 0.013306 seconds 
========================================================================
Received Import Request.
  Time since last request: 0.233348 seconds.
  path: Assets/AssetsForBE/AssetBundle prefabs/Path prefabs/Road_1.prefab
  artifactKey: Guid(125ef5a7412e7c246a9869223a679600) Importer(815301076,1909f56bfc062723c751e8b465ee728b)
Start importing Assets/AssetsForBE/AssetBundle prefabs/Path prefabs/Road_1.prefab using Guid(125ef5a7412e7c246a9869223a679600) Importer(815301076,1909f56bfc062723c751e8b465ee728b)  -> (artifact id: 'd4c834688b6ea2454b8303560390c6f4') in 0.012656 seconds 
========================================================================
Received Import Request.
  Time since last request: 0.429579 seconds.
  path: Assets/AssetsForBE/AssetBundle prefabs/Path prefabs/Road_2.prefab
  artifactKey: Guid(d0bf0987b0436ef4695b5924141210ee) Importer(815301076,1909f56bfc062723c751e8b465ee728b)
Start importing Assets/AssetsForBE/AssetBundle prefabs/Path prefabs/Road_2.prefab using Guid(d0bf0987b0436ef4695b5924141210ee) Importer(815301076,1909f56bfc062723c751e8b465ee728b)  -> (artifact id: '6e58be1b4c98ce20b5da78e18a9cc778') in 0.012762 seconds 
========================================================================
Received Import Request.
  Time since last request: 1.620874 seconds.
  path: Assets/AssetsForBE/AssetBundle prefabs/Path prefabs/Road_3.prefab
  artifactKey: Guid(b423fe27dd5207a40ad0a9147281658c) Importer(815301076,1909f56bfc062723c751e8b465ee728b)
Start importing Assets/AssetsForBE/AssetBundle prefabs/Path prefabs/Road_3.prefab using Guid(b423fe27dd5207a40ad0a9147281658c) Importer(815301076,1909f56bfc062723c751e8b465ee728b)  -> (artifact id: '1ceebba691e5bd4579f445c8adf7c642') in 0.011659 seconds 
========================================================================
Received Import Request.
  Time since last request: 0.189715 seconds.
  path: Assets/AssetsForBE/AssetBundle prefabs/Path prefabs/Road_4.prefab
  artifactKey: Guid(ddde0dc17565bea4e96b8d4935bb912e) Importer(815301076,1909f56bfc062723c751e8b465ee728b)
Start importing Assets/AssetsForBE/AssetBundle prefabs/Path prefabs/Road_4.prefab using Guid(ddde0dc17565bea4e96b8d4935bb912e) Importer(815301076,1909f56bfc062723c751e8b465ee728b)  -> (artifact id: '6bddc021338ca3832e06bb58e8f12f7a') in 0.011883 seconds 
========================================================================
Received Import Request.
  Time since last request: 0.216734 seconds.
  path: Assets/AssetsForBE/AssetBundle prefabs/Path prefabs/Road_5.prefab
  artifactKey: Guid(1986fe7d4c874424db37e56994436dfb) Importer(815301076,1909f56bfc062723c751e8b465ee728b)
Start importing Assets/AssetsForBE/AssetBundle prefabs/Path prefabs/Road_5.prefab using Guid(1986fe7d4c874424db37e56994436dfb) Importer(815301076,1909f56bfc062723c751e8b465ee728b)  -> (artifact id: '4bc230f2915db07d99ed72cc0a6a7db9') in 0.012550 seconds 
========================================================================
Received Import Request.
  Time since last request: 0.241924 seconds.
  path: Assets/AssetsForBE/AssetBundle prefabs/Path prefabs/Road_6.prefab
  artifactKey: Guid(6f4812a4a9849f7429d0d62bdb6a7f8e) Importer(815301076,1909f56bfc062723c751e8b465ee728b)
Start importing Assets/AssetsForBE/AssetBundle prefabs/Path prefabs/Road_6.prefab using Guid(6f4812a4a9849f7429d0d62bdb6a7f8e) Importer(815301076,1909f56bfc062723c751e8b465ee728b)  -> (artifact id: '5c145103b982d48e11986ca274174381') in 0.011950 seconds 
========================================================================
Received Import Request.
  Time since last request: 0.206850 seconds.
  path: Assets/AssetsForBE/AssetBundle prefabs/Path prefabs/Sand 01.prefab
  artifactKey: Guid(450ee8aa826f22641b50886dda6db678) Importer(815301076,1909f56bfc062723c751e8b465ee728b)
Start importing Assets/AssetsForBE/AssetBundle prefabs/Path prefabs/Sand 01.prefab using Guid(450ee8aa826f22641b50886dda6db678) Importer(815301076,1909f56bfc062723c751e8b465ee728b)  -> (artifact id: '9684ea3bebb5d0e3af5f0eb8fd1375d6') in 0.014629 seconds 
========================================================================
Received Import Request.
  Time since last request: 0.210939 seconds.
  path: Assets/AssetsForBE/AssetBundle prefabs/Path prefabs/Sand 02.prefab
  artifactKey: Guid(048d80555f39a4c449420348179a1f36) Importer(815301076,1909f56bfc062723c751e8b465ee728b)
Start importing Assets/AssetsForBE/AssetBundle prefabs/Path prefabs/Sand 02.prefab using Guid(048d80555f39a4c449420348179a1f36) Importer(815301076,1909f56bfc062723c751e8b465ee728b)  -> (artifact id: 'e5af3d24c6bceda64d2a3fc66acdf55d') in 0.012164 seconds 
========================================================================
Received Import Request.
  Time since last request: 0.213793 seconds.
  path: Assets/AssetsForBE/AssetBundle prefabs/Path prefabs/Sand 03.prefab
  artifactKey: Guid(f4856a7a41e7dfb4eb3b5cf04239d2db) Importer(815301076,1909f56bfc062723c751e8b465ee728b)
Start importing Assets/AssetsForBE/AssetBundle prefabs/Path prefabs/Sand 03.prefab using Guid(f4856a7a41e7dfb4eb3b5cf04239d2db) Importer(815301076,1909f56bfc062723c751e8b465ee728b)  -> (artifact id: 'd3e1d09f98dd148f9bae85fa38622380') in 0.011533 seconds 
========================================================================
Received Import Request.
  Time since last request: 0.283211 seconds.
  path: Assets/AssetsForBE/AssetBundle prefabs/Path prefabs/Sand 04.prefab
  artifactKey: Guid(63ef73896d6264a4fbe5ad38afbf61b1) Importer(815301076,1909f56bfc062723c751e8b465ee728b)
Start importing Assets/AssetsForBE/AssetBundle prefabs/Path prefabs/Sand 04.prefab using Guid(63ef73896d6264a4fbe5ad38afbf61b1) Importer(815301076,1909f56bfc062723c751e8b465ee728b)  -> (artifact id: '33c2c27b6380a7e266f430bdbff34f4e') in 0.012024 seconds 
========================================================================
Received Import Request.
  Time since last request: 0.247266 seconds.
  path: Assets/AssetsForBE/AssetBundle prefabs/Path prefabs/Sand 05.prefab
  artifactKey: Guid(f940762bd4827e6438a786c32969230a) Importer(815301076,1909f56bfc062723c751e8b465ee728b)
Start importing Assets/AssetsForBE/AssetBundle prefabs/Path prefabs/Sand 05.prefab using Guid(f940762bd4827e6438a786c32969230a) Importer(815301076,1909f56bfc062723c751e8b465ee728b)  -> (artifact id: '60c1b855558bc999270f1963f8b5a69c') in 0.013015 seconds 
========================================================================
Received Import Request.
  Time since last request: 0.301116 seconds.
  path: Assets/AssetsForBE/AssetBundle prefabs/Path prefabs/Sand 06.prefab
  artifactKey: Guid(a4b391ebae6fba44ab9696a1f98f76c1) Importer(815301076,1909f56bfc062723c751e8b465ee728b)
Start importing Assets/AssetsForBE/AssetBundle prefabs/Path prefabs/Sand 06.prefab using Guid(a4b391ebae6fba44ab9696a1f98f76c1) Importer(815301076,1909f56bfc062723c751e8b465ee728b)  -> (artifact id: '7152c32ba8c30102a83061f4451b26b7') in 0.012582 seconds 
========================================================================
Received Import Request.
  Time since last request: 0.269558 seconds.
  path: Assets/AssetsForBE/AssetBundle prefabs/Path prefabs/Sand 07.prefab
  artifactKey: Guid(4a32558a33207d647a6002916404e055) Importer(815301076,1909f56bfc062723c751e8b465ee728b)
Start importing Assets/AssetsForBE/AssetBundle prefabs/Path prefabs/Sand 07.prefab using Guid(4a32558a33207d647a6002916404e055) Importer(815301076,1909f56bfc062723c751e8b465ee728b)  -> (artifact id: '15d0bd44343bd6f9b4617f4b39b9b3f6') in 0.011920 seconds 
========================================================================
Received Import Request.
  Time since last request: 0.302113 seconds.
  path: Assets/AssetsForBE/AssetBundle prefabs/Path prefabs/Sand 08.prefab
  artifactKey: Guid(69ebcde71e3997441a442d839617052a) Importer(815301076,1909f56bfc062723c751e8b465ee728b)
Start importing Assets/AssetsForBE/AssetBundle prefabs/Path prefabs/Sand 08.prefab using Guid(69ebcde71e3997441a442d839617052a) Importer(815301076,1909f56bfc062723c751e8b465ee728b)  -> (artifact id: '2abfa394cab41010b50d67563e89f8d5') in 0.012664 seconds 
========================================================================
Received Import Request.
  Time since last request: 300.742378 seconds.
  path: Assets/blockengine/PolygonCity
  artifactKey: Guid(acf6b12a00dd61443a2e2937857ecfed) Importer(815301076,1909f56bfc062723c751e8b465ee728b)
Start importing Assets/blockengine/PolygonCity using Guid(acf6b12a00dd61443a2e2937857ecfed) Importer(815301076,1909f56bfc062723c751e8b465ee728b)  -> (artifact id: 'aeaea089d9f9903d70a49d7ca41a5bec') in 0.006184 seconds 
========================================================================
Received Import Request.
  Time since last request: 2.552721 seconds.
  path: Assets/blockengine/PolygonCity/Prefabs
  artifactKey: Guid(719f0ae4e975aeb47af8210fbafd273a) Importer(815301076,1909f56bfc062723c751e8b465ee728b)
Start importing Assets/blockengine/PolygonCity/Prefabs using Guid(719f0ae4e975aeb47af8210fbafd273a) Importer(815301076,1909f56bfc062723c751e8b465ee728b)  -> (artifact id: '4cc2cf4a10aed6c4ae3abc9db7087591') in 0.004532 seconds 
========================================================================
Received Import Request.
  Time since last request: 1.764684 seconds.
  path: Assets/blockengine/PolygonCity/Prefabs/Vehicles
  artifactKey: Guid(ba1c4b9af41a9834789776f6d0398b29) Importer(815301076,1909f56bfc062723c751e8b465ee728b)
Start importing Assets/blockengine/PolygonCity/Prefabs/Vehicles using Guid(ba1c4b9af41a9834789776f6d0398b29) Importer(815301076,1909f56bfc062723c751e8b465ee728b)  -> (artifact id: 'f4366d730efc62c2f611e00250283d0e') in 0.005080 seconds 
========================================================================
Received Import Request.
  Time since last request: 2.121796 seconds.
  path: Assets/blockengine/PolygonCity/Prefabs/Vehicles/Car_1.prefab
  artifactKey: Guid(fcd06c9319e99cc4bbee7ce7730d9422) Importer(815301076,1909f56bfc062723c751e8b465ee728b)
Start importing Assets/blockengine/PolygonCity/Prefabs/Vehicles/Car_1.prefab using Guid(fcd06c9319e99cc4bbee7ce7730d9422) Importer(815301076,1909f56bfc062723c751e8b465ee728b)  -> (artifact id: 'd0fbb1db090b46d857093ae9828b66f2') in 0.620908 seconds 
========================================================================
Received Import Request.
  Time since last request: 1.192939 seconds.
  path: Assets/blockengine/PolygonCity/Prefabs/Vehicles/sedan.prefab
  artifactKey: Guid(74a753cdc5ad6d6428ec618185018139) Importer(815301076,1909f56bfc062723c751e8b465ee728b)
Start importing Assets/blockengine/PolygonCity/Prefabs/Vehicles/sedan.prefab using Guid(74a753cdc5ad6d6428ec618185018139) Importer(815301076,1909f56bfc062723c751e8b465ee728b)  -> (artifact id: 'db4b85d91695f551759c76194412f56e') in 0.042702 seconds 
========================================================================
Received Prepare
Refreshing native plugins compatible for Editor in 5.82 ms, found 3 plugins.
Preloading 0 native plugins for Editor in 0.00 ms.
Unloading 21 Unused Serialized files (Serialized files now loaded: 0)
Unloading 21 unused Assets / (22.6 KB). Loaded Objects now: 4109.
Memory consumption went from 194.2 MB to 194.2 MB.
Total: 7.055125 ms (FindLiveObjects: 0.550054 ms CreateObjectMapping: 0.342009 ms MarkObjects: 6.116005 ms  DeleteObjects: 0.045886 ms)

AssetImportParameters requested are different than current active one (requested -> active):
  custom:video-decoder-ogg-theora: a1e56fd34408186e4bbccfd4996cb3dc -> 
  custom:container-muxer-webm: aa71ff27fc2769a1b78a27578f13a17b -> 
  custom:container-demuxer-webm: 4f35f7cbe854078d1ac9338744f61a02 -> 
  custom:video-encoder-webm-vp8: eb34c28f22e8b96e1ab97ce403110664 -> 
  custom:framework-osx-AVFoundation: e770b220cccbd017edd2c1fefb359320 -> 
  custom:audio-encoder-webm-vorbis: bf7c407c2cedff20999df2af8eb42d56 -> 
  custom:container-demuxer-ogg: 62fdf1f143b41e24485cea50d1cbac27 -> 
  custom:video-decoder-webm-vp8: 9c59270c3fd7afecdb556c50c9e8de78 -> 
  custom:audio-decoder-ogg-vorbis: bf7c407c2cedff20999df2af8eb42d56 -> 
========================================================================
Received Import Request.
  Time since last request: 125.827015 seconds.
  path: Assets/AssetBundleTechXR.unitypackage
  artifactKey: Guid(6052894fc3e699c429c26b7c1e272b1b) Importer(815301076,1909f56bfc062723c751e8b465ee728b)
Start importing Assets/AssetBundleTechXR.unitypackage using Guid(6052894fc3e699c429c26b7c1e272b1b) Importer(815301076,1909f56bfc062723c751e8b465ee728b)  -> (artifact id: 'ff7f4cd7214f34fd28ecee0987dd94ae') in 0.029386 seconds 
========================================================================
Received Import Request.
  Time since last request: 1251.220241 seconds.
  path: Assets/blockengine/Scenes/SampleScene.unity
  artifactKey: Guid(9fc0d4010bbf28b4594072e72b8655ab) Importer(815301076,1909f56bfc062723c751e8b465ee728b)
Start importing Assets/blockengine/Scenes/SampleScene.unity using Guid(9fc0d4010bbf28b4594072e72b8655ab) Importer(815301076,1909f56bfc062723c751e8b465ee728b)  -> (artifact id: '46c6d75ef5b384eb7ed99689fe8764ed') in 0.001731 seconds 
========================================================================
Received Import Request.
  Time since last request: 1884.882040 seconds.
  path: Assets/AssetsForBE/AssetBundle prefabs/Tree Prefabs
  artifactKey: Guid(83118a2d84993cc478a8e5674309ab1e) Importer(815301076,1909f56bfc062723c751e8b465ee728b)
Start importing Assets/AssetsForBE/AssetBundle prefabs/Tree Prefabs using Guid(83118a2d84993cc478a8e5674309ab1e) Importer(815301076,1909f56bfc062723c751e8b465ee728b)  -> (artifact id: 'a2905dd3343e68f3b99155ded50e0025') in 0.010077 seconds 
========================================================================
Received Import Request.
  Time since last request: 1.174818 seconds.
  path: Assets/AssetsForBE/AssetBundle prefabs/Tree Prefabs/Tree_01 1.prefab
  artifactKey: Guid(3250e6af6bf69d44087fdf98efbd004e) Importer(815301076,1909f56bfc062723c751e8b465ee728b)
Start importing Assets/AssetsForBE/AssetBundle prefabs/Tree Prefabs/Tree_01 1.prefab using Guid(3250e6af6bf69d44087fdf98efbd004e) Importer(815301076,1909f56bfc062723c751e8b465ee728b)  -> (artifact id: '49e785c3cf1a6ad03456829f9077cbbd') in 0.081647 seconds 
========================================================================
Received Import Request.
  Time since last request: 2.484998 seconds.
  path: Assets/AssetsForBE/AssetBundle prefabs/Tree Prefabs/Tree_01 2.prefab
  artifactKey: Guid(ef305939348573b489c06b2a212e1174) Importer(815301076,1909f56bfc062723c751e8b465ee728b)
Start importing Assets/AssetsForBE/AssetBundle prefabs/Tree Prefabs/Tree_01 2.prefab using Guid(ef305939348573b489c06b2a212e1174) Importer(815301076,1909f56bfc062723c751e8b465ee728b)  -> (artifact id: 'b2cd0e51cae6893fa0e46f7cbe7afbe1') in 0.018389 seconds 
========================================================================
Received Import Request.
  Time since last request: 0.457694 seconds.
  path: Assets/AssetsForBE/AssetBundle prefabs/Tree Prefabs/Tree_01.prefab
  artifactKey: Guid(10861cd31a3d1ce4688f40d4402701dd) Importer(815301076,1909f56bfc062723c751e8b465ee728b)
Start importing Assets/AssetsForBE/AssetBundle prefabs/Tree Prefabs/Tree_01.prefab using Guid(10861cd31a3d1ce4688f40d4402701dd) Importer(815301076,1909f56bfc062723c751e8b465ee728b)  -> (artifact id: '1ac5a8a9507874ef8afcaddacaf68206') in 0.021354 seconds 
========================================================================
Received Import Request.
  Time since last request: 0.072258 seconds.
  path: Assets/AssetsForBE/AssetBundle prefabs/Tree Prefabs/Tree_01_Snow 1.prefab
  artifactKey: Guid(1dfddc40811198f49a9254f5d6cec746) Importer(815301076,1909f56bfc062723c751e8b465ee728b)
Start importing Assets/AssetsForBE/AssetBundle prefabs/Tree Prefabs/Tree_01_Snow 1.prefab using Guid(1dfddc40811198f49a9254f5d6cec746) Importer(815301076,1909f56bfc062723c751e8b465ee728b)  -> (artifact id: '0ed9070557a85ad476b27339052b5e44') in 0.017022 seconds 
========================================================================
Received Import Request.
  Time since last request: 0.109779 seconds.
  path: Assets/AssetsForBE/AssetBundle prefabs/Tree Prefabs/Tree_01_Snow.prefab
  artifactKey: Guid(9acf61bcad3a0124782276c3da824ce7) Importer(815301076,1909f56bfc062723c751e8b465ee728b)
Start importing Assets/AssetsForBE/AssetBundle prefabs/Tree Prefabs/Tree_01_Snow.prefab using Guid(9acf61bcad3a0124782276c3da824ce7) Importer(815301076,1909f56bfc062723c751e8b465ee728b)  -> (artifact id: 'ece48d60e5024e4df713d31c86382669') in 0.016792 seconds 
========================================================================
Received Import Request.
  Time since last request: 0.109708 seconds.
  path: Assets/AssetsForBE/AssetBundle prefabs/Tree Prefabs/Tree_02 1.prefab
  artifactKey: Guid(812179e0cc56856419586749e4383ced) Importer(815301076,1909f56bfc062723c751e8b465ee728b)
Start importing Assets/AssetsForBE/AssetBundle prefabs/Tree Prefabs/Tree_02 1.prefab using Guid(812179e0cc56856419586749e4383ced) Importer(815301076,1909f56bfc062723c751e8b465ee728b)  -> (artifact id: '8a68192bf611904cb6c0e4f5e1421e0c') in 0.017641 seconds 
========================================================================
Received Import Request.
  Time since last request: 0.110772 seconds.
  path: Assets/AssetsForBE/AssetBundle prefabs/Tree Prefabs/Tree_02 2.prefab
  artifactKey: Guid(cf4e4e935231c074cb5ac185f26c30f5) Importer(815301076,1909f56bfc062723c751e8b465ee728b)
Start importing Assets/AssetsForBE/AssetBundle prefabs/Tree Prefabs/Tree_02 2.prefab using Guid(cf4e4e935231c074cb5ac185f26c30f5) Importer(815301076,1909f56bfc062723c751e8b465ee728b)  -> (artifact id: 'df2210194a112c92bcc40d388ffd0cd5') in 0.017173 seconds 
========================================================================
Received Import Request.
  Time since last request: 0.094310 seconds.
  path: Assets/AssetsForBE/AssetBundle prefabs/Tree Prefabs/Tree_02.prefab
  artifactKey: Guid(0b189d1e79999f14dbad651eca0b7595) Importer(815301076,1909f56bfc062723c751e8b465ee728b)
Start importing Assets/AssetsForBE/AssetBundle prefabs/Tree Prefabs/Tree_02.prefab using Guid(0b189d1e79999f14dbad651eca0b7595) Importer(815301076,1909f56bfc062723c751e8b465ee728b)  -> (artifact id: '00d3faefb729a58855e77f261d6afaa2') in 0.016394 seconds 
========================================================================
Received Import Request.
  Time since last request: 0.325829 seconds.
  path: Assets/AssetsForBE/AssetBundle prefabs/Tree Prefabs/Tree_02_Snow.prefab
  artifactKey: Guid(15973e786a42a5040b66c790c3ecdd7a) Importer(815301076,1909f56bfc062723c751e8b465ee728b)
Start importing Assets/AssetsForBE/AssetBundle prefabs/Tree Prefabs/Tree_02_Snow.prefab using Guid(15973e786a42a5040b66c790c3ecdd7a) Importer(815301076,1909f56bfc062723c751e8b465ee728b)  -> (artifact id: 'b74df9dec0e4ee4b1d198c6ab14e89ca') in 0.015786 seconds 
========================================================================
Received Import Request.
  Time since last request: 0.267148 seconds.
  path: Assets/AssetsForBE/AssetBundle prefabs/Tree Prefabs/Tree_03 1.prefab
  artifactKey: Guid(ab06f9f1c5919064782376ea38196387) Importer(815301076,1909f56bfc062723c751e8b465ee728b)
Start importing Assets/AssetsForBE/AssetBundle prefabs/Tree Prefabs/Tree_03 1.prefab using Guid(ab06f9f1c5919064782376ea38196387) Importer(815301076,1909f56bfc062723c751e8b465ee728b)  -> (artifact id: '6f87b139f2a4eef9ca83299677315ac6') in 0.019581 seconds 
========================================================================
Received Import Request.
  Time since last request: 0.162759 seconds.
  path: Assets/AssetsForBE/AssetBundle prefabs/Tree Prefabs/Tree_03.prefab
  artifactKey: Guid(7feed387e4ddda745bca293cc16c0b7d) Importer(815301076,1909f56bfc062723c751e8b465ee728b)
Start importing Assets/AssetsForBE/AssetBundle prefabs/Tree Prefabs/Tree_03.prefab using Guid(7feed387e4ddda745bca293cc16c0b7d) Importer(815301076,1909f56bfc062723c751e8b465ee728b)  -> (artifact id: 'd1348bbdd85af0b025a4eea96a1f782c') in 0.018412 seconds 
========================================================================
Received Import Request.
  Time since last request: 0.138297 seconds.
  path: Assets/AssetsForBE/AssetBundle prefabs/Tree Prefabs/Tree_03_Snow.prefab
  artifactKey: Guid(8532c661cb07719498897b9fb2da5be5) Importer(815301076,1909f56bfc062723c751e8b465ee728b)
Start importing Assets/AssetsForBE/AssetBundle prefabs/Tree Prefabs/Tree_03_Snow.prefab using Guid(8532c661cb07719498897b9fb2da5be5) Importer(815301076,1909f56bfc062723c751e8b465ee728b)  -> (artifact id: 'dd0b6d4ab8d3d513762f1566e550aa6d') in 0.015656 seconds 
========================================================================
Received Import Request.
  Time since last request: 0.170541 seconds.
  path: Assets/AssetsForBE/AssetBundle prefabs/Tree Prefabs/Tree_04.prefab
  artifactKey: Guid(999ad840d207d8d45acbfc2c2b73a930) Importer(815301076,1909f56bfc062723c751e8b465ee728b)
Start importing Assets/AssetsForBE/AssetBundle prefabs/Tree Prefabs/Tree_04.prefab using Guid(999ad840d207d8d45acbfc2c2b73a930) Importer(815301076,1909f56bfc062723c751e8b465ee728b)  -> (artifact id: '25005ff5b646db71edeae30723f81803') in 0.015269 seconds 
========================================================================
Received Import Request.
  Time since last request: 0.182011 seconds.
  path: Assets/AssetsForBE/AssetBundle prefabs/Tree Prefabs/Tree_05.prefab
  artifactKey: Guid(5f04a745cafbbbf468599bba0975a769) Importer(815301076,1909f56bfc062723c751e8b465ee728b)
Start importing Assets/AssetsForBE/AssetBundle prefabs/Tree Prefabs/Tree_05.prefab using Guid(5f04a745cafbbbf468599bba0975a769) Importer(815301076,1909f56bfc062723c751e8b465ee728b)  -> (artifact id: '2b2fdb82958bc546a522517b32aeda03') in 0.016421 seconds 
========================================================================
Received Import Request.
  Time since last request: 0.168558 seconds.
  path: Assets/AssetsForBE/AssetBundle prefabs/Tree Prefabs/Tree_Snow.prefab
  artifactKey: Guid(02fdf33d6ac990d41ba9284dacad2d96) Importer(815301076,1909f56bfc062723c751e8b465ee728b)
Start importing Assets/AssetsForBE/AssetBundle prefabs/Tree Prefabs/Tree_Snow.prefab using Guid(02fdf33d6ac990d41ba9284dacad2d96) Importer(815301076,1909f56bfc062723c751e8b465ee728b)  -> (artifact id: 'c6c58b5b0e184f6d69e2f0073c3b902c') in 0.016002 seconds 
========================================================================
Received Import Request.
  Time since last request: 139.677256 seconds.
  path: Assets/AssetsForBE/AssetBundle prefabs/Tree Prefabs/TreeSnow 1.prefab
  artifactKey: Guid(1dfddc40811198f49a9254f5d6cec746) Importer(815301076,1909f56bfc062723c751e8b465ee728b)
Start importing Assets/AssetsForBE/AssetBundle prefabs/Tree Prefabs/TreeSnow 1.prefab using Guid(1dfddc40811198f49a9254f5d6cec746) Importer(815301076,1909f56bfc062723c751e8b465ee728b)  -> (artifact id: '120746fd22a7a137a00b20b2f7671e3c') in 0.044866 seconds 
========================================================================
Received Import Request.
  Time since last request: 21.594776 seconds.
  path: Assets/AssetsForBE/AssetBundle prefabs/Tree Prefabs/TreeSnow2.prefab
  artifactKey: Guid(8532c661cb07719498897b9fb2da5be5) Importer(815301076,1909f56bfc062723c751e8b465ee728b)
Start importing Assets/AssetsForBE/AssetBundle prefabs/Tree Prefabs/TreeSnow2.prefab using Guid(8532c661cb07719498897b9fb2da5be5) Importer(815301076,1909f56bfc062723c751e8b465ee728b)  -> (artifact id: '3fead98b25052a785efd96a35ad09743') in 0.034996 seconds 
========================================================================
Received Import Request.
  Time since last request: 71.092384 seconds.
  path: Assets/AssetsForBE/AssetBundle prefabs/Tree Prefabs/Tree_Snow4.prefab
  artifactKey: Guid(02fdf33d6ac990d41ba9284dacad2d96) Importer(815301076,1909f56bfc062723c751e8b465ee728b)
Start importing Assets/AssetsForBE/AssetBundle prefabs/Tree Prefabs/Tree_Snow4.prefab using Guid(02fdf33d6ac990d41ba9284dacad2d96) Importer(815301076,1909f56bfc062723c751e8b465ee728b)  -> (artifact id: 'f7da177e105d2a165ec6458b6f89d5cb') in 0.020788 seconds 
========================================================================
Received Import Request.
  Time since last request: 9.849331 seconds.
  path: Assets/AssetsForBE/AssetBundle prefabs/Tree Prefabs/TreeSnow4.prefab
  artifactKey: Guid(02fdf33d6ac990d41ba9284dacad2d96) Importer(815301076,1909f56bfc062723c751e8b465ee728b)
Start importing Assets/AssetsForBE/AssetBundle prefabs/Tree Prefabs/TreeSnow4.prefab using Guid(02fdf33d6ac990d41ba9284dacad2d96) Importer(815301076,1909f56bfc062723c751e8b465ee728b)  -> (artifact id: 'cfbeae4379ee3dbba6c5cbccfc4ae149') in 0.017323 seconds 
========================================================================
Received Import Request.
  Time since last request: 69.034550 seconds.
  path: Assets/AssetsForBE/AssetBundle prefabs/Tree Prefabs/Tree_5.prefab
  artifactKey: Guid(cf4e4e935231c074cb5ac185f26c30f5) Importer(815301076,1909f56bfc062723c751e8b465ee728b)
Start importing Assets/AssetsForBE/AssetBundle prefabs/Tree Prefabs/Tree_5.prefab using Guid(cf4e4e935231c074cb5ac185f26c30f5) Importer(815301076,1909f56bfc062723c751e8b465ee728b)  -> (artifact id: '617c047f179ce0d5218a090c947039a2') in 0.019448 seconds 
========================================================================
Received Import Request.
  Time since last request: 12.536974 seconds.
  path: Assets/AssetsForBE/AssetBundle prefabs/Tree Prefabs/Tree_05.prefab
  artifactKey: Guid(cf4e4e935231c074cb5ac185f26c30f5) Importer(815301076,1909f56bfc062723c751e8b465ee728b)
Start importing Assets/AssetsForBE/AssetBundle prefabs/Tree Prefabs/Tree_05.prefab using Guid(cf4e4e935231c074cb5ac185f26c30f5) Importer(815301076,1909f56bfc062723c751e8b465ee728b)  -> (artifact id: '111b402f6590efa00b9a808c339d2914') in 0.014995 seconds 
========================================================================
Received Import Request.
  Time since last request: 23.784004 seconds.
  path: Assets/AssetsForBE/AssetBundle prefabs/Tree Prefabs/TreeSnow5.prefab
  artifactKey: Guid(9acf61bcad3a0124782276c3da824ce7) Importer(815301076,1909f56bfc062723c751e8b465ee728b)
Start importing Assets/AssetsForBE/AssetBundle prefabs/Tree Prefabs/TreeSnow5.prefab using Guid(9acf61bcad3a0124782276c3da824ce7) Importer(815301076,1909f56bfc062723c751e8b465ee728b)  -> (artifact id: '964a822a1bcf76200dcab0878a6da591') in 0.020528 seconds 
========================================================================
Received Import Request.
  Time since last request: 15.629977 seconds.
  path: Assets/AssetsForBE/AssetBundle prefabs/Tree Prefabs/TreeSnow3.prefab
  artifactKey: Guid(15973e786a42a5040b66c790c3ecdd7a) Importer(815301076,1909f56bfc062723c751e8b465ee728b)
Start importing Assets/AssetsForBE/AssetBundle prefabs/Tree Prefabs/TreeSnow3.prefab using Guid(15973e786a42a5040b66c790c3ecdd7a) Importer(815301076,1909f56bfc062723c751e8b465ee728b)  -> (artifact id: '9c323ca2b9ff8c7d5896368bcf812e50') in 0.018958 seconds 
========================================================================
Received Import Request.
  Time since last request: 33.926280 seconds.
  path: Assets/AssetsForBE/AssetBundle prefabs/Tree Prefabs/Tree_06.prefab
  artifactKey: Guid(3250e6af6bf69d44087fdf98efbd004e) Importer(815301076,1909f56bfc062723c751e8b465ee728b)
Start importing Assets/AssetsForBE/AssetBundle prefabs/Tree Prefabs/Tree_06.prefab using Guid(3250e6af6bf69d44087fdf98efbd004e) Importer(815301076,1909f56bfc062723c751e8b465ee728b)  -> (artifact id: 'cb763052a682bdcae80e18c9fa6188e0') in 0.017443 seconds 
========================================================================
Received Prepare
Refreshing native plugins compatible for Editor in 15.73 ms, found 3 plugins.
Preloading 0 native plugins for Editor in 0.00 ms.
Unloading 21 Unused Serialized files (Serialized files now loaded: 0)
Unloading 21 unused Assets / (22.1 KB). Loaded Objects now: 4110.
Memory consumption went from 195.4 MB to 195.4 MB.
Total: 29.610359 ms (FindLiveObjects: 0.428084 ms CreateObjectMapping: 0.534531 ms MarkObjects: 28.594325 ms  DeleteObjects: 0.051142 ms)

AssetImportParameters requested are different than current active one (requested -> active):
  custom:video-decoder-ogg-theora: a1e56fd34408186e4bbccfd4996cb3dc -> 
  custom:container-muxer-webm: aa71ff27fc2769a1b78a27578f13a17b -> 
  custom:container-demuxer-webm: 4f35f7cbe854078d1ac9338744f61a02 -> 
  custom:video-encoder-webm-vp8: eb34c28f22e8b96e1ab97ce403110664 -> 
  custom:framework-osx-AVFoundation: e770b220cccbd017edd2c1fefb359320 -> 
  custom:audio-encoder-webm-vorbis: bf7c407c2cedff20999df2af8eb42d56 -> 
  custom:container-demuxer-ogg: 62fdf1f143b41e24485cea50d1cbac27 -> 
  custom:video-decoder-webm-vp8: 9c59270c3fd7afecdb556c50c9e8de78 -> 
  custom:audio-decoder-ogg-vorbis: bf7c407c2cedff20999df2af8eb42d56 -> 
========================================================================
Received Import Request.
  Time since last request: 47.831561 seconds.
  path: Assets/AssetsForBE/AssetBundle prefabs/Tree Prefabs/Tree_06.prefab
  artifactKey: Guid(3250e6af6bf69d44087fdf98efbd004e) Importer(815301076,1909f56bfc062723c751e8b465ee728b)
Start importing Assets/AssetsForBE/AssetBundle prefabs/Tree Prefabs/Tree_06.prefab using Guid(3250e6af6bf69d44087fdf98efbd004e) Importer(815301076,1909f56bfc062723c751e8b465ee728b)  -> (artifact id: '279ff5962075bed3852fe7cc4e5b3f98') in 0.021319 seconds 
========================================================================
Received Import Request.
  Time since last request: 3439.633388 seconds.
  path: Assets/AssetsForBE/final/vehicles
  artifactKey: Guid(fd72d7a9596f8904a8a4187f1140641f) Importer(815301076,1909f56bfc062723c751e8b465ee728b)
Start importing Assets/AssetsForBE/final/vehicles using Guid(fd72d7a9596f8904a8a4187f1140641f) Importer(815301076,1909f56bfc062723c751e8b465ee728b)  -> (artifact id: 'f50af4cee237e7501e053e2a5a7b5728') in 0.005450 seconds 
========================================================================
Received Import Request.
  Time since last request: 1.535194 seconds.
  path: Assets/AssetsForBE/final/vehicles/vehicle_1.prefab
  artifactKey: Guid(93dcc68d3b84ea442ba0e662fee1e5b3) Importer(815301076,1909f56bfc062723c751e8b465ee728b)
Start importing Assets/AssetsForBE/final/vehicles/vehicle_1.prefab using Guid(93dcc68d3b84ea442ba0e662fee1e5b3) Importer(815301076,1909f56bfc062723c751e8b465ee728b)  -> (artifact id: 'ec1d97723e59b844dc3ff2f514755e2d') in 0.238636 seconds 
========================================================================
Received Import Request.
  Time since last request: 2.006185 seconds.
  path: Assets/AssetsForBE/final/vehicles/vehicle_6.prefab
  artifactKey: Guid(3d4fbe0820d99af43bd31c79a95a3b37) Importer(815301076,1909f56bfc062723c751e8b465ee728b)
Start importing Assets/AssetsForBE/final/vehicles/vehicle_6.prefab using Guid(3d4fbe0820d99af43bd31c79a95a3b37) Importer(815301076,1909f56bfc062723c751e8b465ee728b)  -> (artifact id: '9c91c645b41f0249b0409254c526a89c') in 0.033619 seconds 
========================================================================
Received Import Request.
  Time since last request: 23.921519 seconds.
  path: Assets/AssetsForBE/final/vehicles/vehicle_4.prefab
  artifactKey: Guid(d9cbf41e30d0aaf43a7294de7add5e0d) Importer(815301076,1909f56bfc062723c751e8b465ee728b)
Start importing Assets/AssetsForBE/final/vehicles/vehicle_4.prefab using Guid(d9cbf41e30d0aaf43a7294de7add5e0d) Importer(815301076,1909f56bfc062723c751e8b465ee728b)  -> (artifact id: 'fbadd554be75d7b875746936bc45cebf') in 0.066474 seconds 
========================================================================
Received Import Request.
  Time since last request: 17.142978 seconds.
  path: Assets/AssetsForBE/final/vehicles/vehicle_3.prefab
  artifactKey: Guid(d9cbf41e30d0aaf43a7294de7add5e0d) Importer(815301076,1909f56bfc062723c751e8b465ee728b)
Start importing Assets/AssetsForBE/final/vehicles/vehicle_3.prefab using Guid(d9cbf41e30d0aaf43a7294de7add5e0d) Importer(815301076,1909f56bfc062723c751e8b465ee728b)  -> (artifact id: '4b7760f0e7dc9f5036c621e93c40f609') in 0.064036 seconds 
========================================================================
Received Import Request.
  Time since last request: 6.945165 seconds.
  path: Assets/AssetsForBE/final/vehicles/vehicle_4.prefab
  artifactKey: Guid(3d4fbe0820d99af43bd31c79a95a3b37) Importer(815301076,1909f56bfc062723c751e8b465ee728b)
Start importing Assets/AssetsForBE/final/vehicles/vehicle_4.prefab using Guid(3d4fbe0820d99af43bd31c79a95a3b37) Importer(815301076,1909f56bfc062723c751e8b465ee728b)  -> (artifact id: 'edc71f9ba1bff2af1c3d2a90c228301d') in 0.044505 seconds 
========================================================================
Received Import Request.
  Time since last request: 9.212401 seconds.
  path: Assets/AssetsForBE/final/vehicles/vehicle_2.prefab
  artifactKey: Guid(5d1045505401b7544b4d978057239c57) Importer(815301076,1909f56bfc062723c751e8b465ee728b)
Start importing Assets/AssetsForBE/final/vehicles/vehicle_2.prefab using Guid(5d1045505401b7544b4d978057239c57) Importer(815301076,1909f56bfc062723c751e8b465ee728b)  -> (artifact id: '7b9327a938799da89f4e6f02e273b792') in 0.062354 seconds 
========================================================================
Received Prepare
Refreshing native plugins compatible for Editor in 9.80 ms, found 3 plugins.
Preloading 0 native plugins for Editor in 0.00 ms.
Unloading 21 Unused Serialized files (Serialized files now loaded: 0)
Unloading 21 unused Assets / (21.9 KB). Loaded Objects now: 4111.
Memory consumption went from 195.5 MB to 195.4 MB.
Total: 61.790552 ms (FindLiveObjects: 0.378404 ms CreateObjectMapping: 0.396026 ms MarkObjects: 60.930272 ms  DeleteObjects: 0.084094 ms)

AssetImportParameters requested are different than current active one (requested -> active):
  custom:video-decoder-ogg-theora: a1e56fd34408186e4bbccfd4996cb3dc -> 
  custom:container-muxer-webm: aa71ff27fc2769a1b78a27578f13a17b -> 
  custom:container-demuxer-webm: 4f35f7cbe854078d1ac9338744f61a02 -> 
  custom:video-encoder-webm-vp8: eb34c28f22e8b96e1ab97ce403110664 -> 
  custom:framework-osx-AVFoundation: e770b220cccbd017edd2c1fefb359320 -> 
  custom:audio-encoder-webm-vorbis: bf7c407c2cedff20999df2af8eb42d56 -> 
  custom:container-demuxer-ogg: 62fdf1f143b41e24485cea50d1cbac27 -> 
  custom:video-decoder-webm-vp8: 9c59270c3fd7afecdb556c50c9e8de78 -> 
  custom:audio-decoder-ogg-vorbis: bf7c407c2cedff20999df2af8eb42d56 -> 
========================================================================
Received Import Request.
  Time since last request: 43.044142 seconds.
  path: Assets/AssetsForBE/final/vehicles/vehicle_1.prefab
  artifactKey: Guid(93dcc68d3b84ea442ba0e662fee1e5b3) Importer(815301076,1909f56bfc062723c751e8b465ee728b)
Start importing Assets/AssetsForBE/final/vehicles/vehicle_1.prefab using Guid(93dcc68d3b84ea442ba0e662fee1e5b3) Importer(815301076,1909f56bfc062723c751e8b465ee728b)  -> (artifact id: '74e4497eabae9b316371467c9c8ca99f') in 0.076705 seconds 
========================================================================
Received Import Request.
  Time since last request: 265.343349 seconds.
  path: Assets/blockengine/Scenes/SampleScene.unity
  artifactKey: Guid(9fc0d4010bbf28b4594072e72b8655ab) Importer(815301076,1909f56bfc062723c751e8b465ee728b)
Start importing Assets/blockengine/Scenes/SampleScene.unity using Guid(9fc0d4010bbf28b4594072e72b8655ab) Importer(815301076,1909f56bfc062723c751e8b465ee728b)  -> (artifact id: '0ece09ef6b7745513d6fbefdfd61ecd7') in 0.003608 seconds 
========================================================================
Received Import Request.
  Time since last request: 18.164317 seconds.
  path: Assets/blockengine/Scenes/environment.unity
  artifactKey: Guid(9ed46e4ed71574ee980a5c2fee550dc0) Importer(815301076,1909f56bfc062723c751e8b465ee728b)
Start importing Assets/blockengine/Scenes/environment.unity using Guid(9ed46e4ed71574ee980a5c2fee550dc0) Importer(815301076,1909f56bfc062723c751e8b465ee728b)  -> (artifact id: '7b22d71dd1da308d7f47ef345d4b92e5') in 0.002227 seconds 
========================================================================
Received Import Request.
  Time since last request: 25.239434 seconds.
  path: Assets/blockengine/PolygonCity/Scenes
  artifactKey: Guid(f422dbe4849e51347af15eedd142ec3c) Importer(815301076,1909f56bfc062723c751e8b465ee728b)
Start importing Assets/blockengine/PolygonCity/Scenes using Guid(f422dbe4849e51347af15eedd142ec3c) Importer(815301076,1909f56bfc062723c751e8b465ee728b)  -> (artifact id: 'f750e2f293e295fd0bd4c79aee3c0dbc') in 0.002900 seconds 
========================================================================
Received Import Request.
  Time since last request: 1155.428189 seconds.
  path: Assets/AssetsForBE/AssetBundle prefabs/environment
  artifactKey: Guid(2e0d790c0b33f47389caf152d3914c64) Importer(815301076,1909f56bfc062723c751e8b465ee728b)
Start importing Assets/AssetsForBE/AssetBundle prefabs/environment using Guid(2e0d790c0b33f47389caf152d3914c64) Importer(815301076,1909f56bfc062723c751e8b465ee728b)  -> (artifact id: '4707476714f56c2ee334cab966cd098c') in 0.009468 seconds 
========================================================================
Received Import Request.
  Time since last request: 6.022801 seconds.
  path: Assets/AssetsForBE/AssetBundle prefabs/environment/city.prefab
  artifactKey: Guid(9614a48369de9432da4cc2590aabc6e1) Importer(815301076,1909f56bfc062723c751e8b465ee728b)
Start importing Assets/AssetsForBE/AssetBundle prefabs/environment/city.prefab using Guid(9614a48369de9432da4cc2590aabc6e1) Importer(815301076,1909f56bfc062723c751e8b465ee728b)  -> (artifact id: 'bfabfcd75dcb62e949f3dea91bd02d86') in 2.137389 seconds 
========================================================================
Received Prepare
Refreshing native plugins compatible for Editor in 9.97 ms, found 3 plugins.
Preloading 0 native plugins for Editor in 0.00 ms.
Unloading 21 Unused Serialized files (Serialized files now loaded: 0)
Unloading 21 unused Assets / (21.9 KB). Loaded Objects now: 4113.
Memory consumption went from 201.6 MB to 201.6 MB.
Total: 46.473064 ms (FindLiveObjects: 0.567350 ms CreateObjectMapping: 0.604707 ms MarkObjects: 45.257205 ms  DeleteObjects: 0.042315 ms)

AssetImportParameters requested are different than current active one (requested -> active):
  custom:video-decoder-ogg-theora: a1e56fd34408186e4bbccfd4996cb3dc -> 
  custom:container-muxer-webm: aa71ff27fc2769a1b78a27578f13a17b -> 
  custom:container-demuxer-webm: 4f35f7cbe854078d1ac9338744f61a02 -> 
  custom:video-encoder-webm-vp8: eb34c28f22e8b96e1ab97ce403110664 -> 
  custom:framework-osx-AVFoundation: e770b220cccbd017edd2c1fefb359320 -> 
  custom:audio-encoder-webm-vorbis: bf7c407c2cedff20999df2af8eb42d56 -> 
  custom:container-demuxer-ogg: 62fdf1f143b41e24485cea50d1cbac27 -> 
  custom:video-decoder-webm-vp8: 9c59270c3fd7afecdb556c50c9e8de78 -> 
  custom:audio-decoder-ogg-vorbis: bf7c407c2cedff20999df2af8eb42d56 -> 
========================================================================
Received Import Request.
  Time since last request: 41.947585 seconds.
  path: Assets/AssetsForBE/AssetBundle prefabs/environment/city.prefab
  artifactKey: Guid(9614a48369de9432da4cc2590aabc6e1) Importer(815301076,1909f56bfc062723c751e8b465ee728b)
Start importing Assets/AssetsForBE/AssetBundle prefabs/environment/city.prefab using Guid(9614a48369de9432da4cc2590aabc6e1) Importer(815301076,1909f56bfc062723c751e8b465ee728b)  -> (artifact id: '7aa89a58ed8aac0a88b76e891c58d95c') in 1.162763 seconds 
